  [1m[35m (88.7ms)[0m  [1m[35mCREATE TABLE "schema_migrations" ("version" character varying NOT NULL PRIMARY KEY)[0m
  [1m[35m (89.9ms)[0m  [1m[35mCREATE TABLE "ar_internal_metadata" ("key" character varying NOT NULL PRIMARY KEY, "value" character varying, "created_at" timestamp NOT NULL, "updated_at" timestamp NOT NULL)[0m
  [1m[35m (0.7ms)[0m  [1m[34mSELECT pg_try_advisory_lock(1063648780820231655)[0m
  [1m[35m (1.2ms)[0m  [1m[34mSELECT "schema_migrations"."version" FROM "schema_migrations" ORDER BY "schema_migrations"."version" ASC[0m
Migrating to Area (20180412185022)
  [1m[35m (0.5ms)[0m  [1m[35mBEGIN[0m
  [1m[35mSQL (1.0ms)[0m  [1m[32mINSERT INTO "schema_migrations" ("version") VALUES ($1) RETURNING "version"[0m  [["version", "20180412185022"]]
  [1m[35m (27.6ms)[0m  [1m[35mCOMMIT[0m
  [1m[36mActiveRecord::InternalMetadata Load (0.6ms)[0m  [1m[34mSELECT  "ar_internal_metadata".* FROM "ar_internal_metadata" WHERE "ar_internal_metadata"."key" = $1 LIMIT $2[0m  [["key", "environment"], ["LIMIT", 1]]
  [1m[35m (0.3ms)[0m  [1m[35mBEGIN[0m
  [1m[35mSQL (0.7ms)[0m  [1m[32mINSERT INTO "ar_internal_metadata" ("key", "value", "created_at", "updated_at") VALUES ($1, $2, $3, $4) RETURNING "key"[0m  [["key", "environment"], ["value", "development"], ["created_at", "2018-04-12 18:59:21.576504"], ["updated_at", "2018-04-12 18:59:21.576504"]]
  [1m[35m (8.6ms)[0m  [1m[35mCOMMIT[0m
  [1m[35m (0.7ms)[0m  [1m[34mSELECT pg_advisory_unlock(1063648780820231655)[0m
  [1m[35m (1.1ms)[0m  [1m[34mSELECT "schema_migrations"."version" FROM "schema_migrations" ORDER BY "schema_migrations"."version" ASC[0m
Started GET "/v1/index" for 127.0.0.1 at 2018-04-12 17:12:59 -0400
  [1m[35m (29.9ms)[0m  [1m[34mSELECT "schema_migrations"."version" FROM "schema_migrations" ORDER BY "schema_migrations"."version" ASC[0m
Processing by V1::HomeController#index as JSON
Completed 500 Internal Server Error in 2ms (Views: 0.4ms | ActiveRecord: 0.0ms)


  
AbstractController::DoubleRenderError (Render and/or redirect were called multiple times in this action. Please note that you may only call render OR redirect, and at most once per action. Also note that neither redirect nor render terminate execution of the action, so if you want to exit an action after redirecting, you need to do something like "redirect_to(...) and return".):
  
app/controllers/application_controller.rb:6:in `respond'
app/controllers/v1/home_controller.rb:4:in `index'
Started GET "/v1/index" for 127.0.0.1 at 2018-04-12 17:13:20 -0400
Processing by V1::HomeController#index as JSON
Completed 200 OK in 1ms (Views: 0.2ms | ActiveRecord: 0.0ms)


Started GET "/v1/index" for 127.0.0.1 at 2018-04-12 17:13:41 -0400
Processing by V1::HomeController#index as JSON
Completed 200 OK in 0ms (Views: 0.1ms | ActiveRecord: 0.0ms)


  [1m[35m (0.7ms)[0m  [1m[34mSELECT "schema_migrations"."version" FROM "schema_migrations" ORDER BY "schema_migrations"."version" ASC[0m
  [1m[36mArea Load (0.7ms)[0m  [1m[34mSELECT "areas".* FROM "areas"[0m
  [1m[35m (0.2ms)[0m  [1m[34mSELECT pg_try_advisory_lock(1063648780820231655)[0m
  [1m[35m (0.3ms)[0m  [1m[34mSELECT "schema_migrations"."version" FROM "schema_migrations" ORDER BY "schema_migrations"."version" ASC[0m
  [1m[36mActiveRecord::InternalMetadata Load (28.5ms)[0m  [1m[34mSELECT  "ar_internal_metadata".* FROM "ar_internal_metadata" WHERE "ar_internal_metadata"."key" = $1 LIMIT $2[0m  [["key", "environment"], ["LIMIT", 1]]
  [1m[35m (0.2ms)[0m  [1m[35mBEGIN[0m
  [1m[35m (0.2ms)[0m  [1m[35mCOMMIT[0m
  [1m[35m (0.2ms)[0m  [1m[34mSELECT pg_advisory_unlock(1063648780820231655)[0m
  [1m[35m (0.3ms)[0m  [1m[34mSELECT "schema_migrations"."version" FROM "schema_migrations" ORDER BY "schema_migrations"."version" ASC[0m
  [1m[35m (0.3ms)[0m  [1m[34mSELECT "schema_migrations"."version" FROM "schema_migrations" ORDER BY "schema_migrations"."version" ASC[0m
  [1m[36mArea Load (0.3ms)[0m  [1m[34mSELECT "areas".* FROM "areas"[0m
  [1m[35m (0.1ms)[0m  [1m[34mSELECT pg_try_advisory_lock(1063648780820231655)[0m
  [1m[35m (0.4ms)[0m  [1m[34mSELECT "schema_migrations"."version" FROM "schema_migrations" ORDER BY "schema_migrations"."version" ASC[0m
  [1m[36mActiveRecord::InternalMetadata Load (0.3ms)[0m  [1m[34mSELECT  "ar_internal_metadata".* FROM "ar_internal_metadata" WHERE "ar_internal_metadata"."key" = $1 LIMIT $2[0m  [["key", "environment"], ["LIMIT", 1]]
  [1m[35m (0.2ms)[0m  [1m[35mBEGIN[0m
  [1m[35m (0.2ms)[0m  [1m[35mCOMMIT[0m
  [1m[35m (0.3ms)[0m  [1m[34mSELECT pg_advisory_unlock(1063648780820231655)[0m
  [1m[35m (0.3ms)[0m  [1m[34mSELECT "schema_migrations"."version" FROM "schema_migrations" ORDER BY "schema_migrations"."version" ASC[0m
  [1m[35m (0.2ms)[0m  [1m[34mSELECT pg_try_advisory_lock(1063648780820231655)[0m
  [1m[35m (0.4ms)[0m  [1m[34mSELECT "schema_migrations"."version" FROM "schema_migrations" ORDER BY "schema_migrations"."version" ASC[0m
Migrating to Area (20180412185022)
  [1m[35m (0.3ms)[0m  [1m[34mSELECT pg_advisory_unlock(1063648780820231655)[0m
  [1m[35m (0.1ms)[0m  [1m[34mSELECT pg_try_advisory_lock(1063648780820231655)[0m
  [1m[35m (0.3ms)[0m  [1m[34mSELECT "schema_migrations"."version" FROM "schema_migrations" ORDER BY "schema_migrations"."version" ASC[0m
Migrating to Area (20180412185022)
  [1m[35m (0.6ms)[0m  [1m[35mBEGIN[0m
  [1m[35m (212.7ms)[0m  [1m[35mCREATE TABLE "areas" ("id" bigserial primary key, "name" character varying, "nota" float DEFAULT 0.0 NOT NULL, "parent_id" integer, "created_at" timestamp NOT NULL, "updated_at" timestamp NOT NULL)[0m
  [1m[35mSQL (0.9ms)[0m  [1m[32mINSERT INTO "schema_migrations" ("version") VALUES ($1) RETURNING "version"[0m  [["version", "20180412185022"]]
  [1m[35m (16.6ms)[0m  [1m[35mCOMMIT[0m
  [1m[36mActiveRecord::InternalMetadata Load (0.7ms)[0m  [1m[34mSELECT  "ar_internal_metadata".* FROM "ar_internal_metadata" WHERE "ar_internal_metadata"."key" = $1 LIMIT $2[0m  [["key", "environment"], ["LIMIT", 1]]
  [1m[35m (0.5ms)[0m  [1m[35mBEGIN[0m
  [1m[35m (0.4ms)[0m  [1m[35mCOMMIT[0m
  [1m[35m (0.6ms)[0m  [1m[34mSELECT pg_advisory_unlock(1063648780820231655)[0m
  [1m[35m (0.8ms)[0m  [1m[34mSELECT "schema_migrations"."version" FROM "schema_migrations" ORDER BY "schema_migrations"."version" ASC[0m
  [1m[35m (0.3ms)[0m  [1m[34mSELECT "schema_migrations"."version" FROM "schema_migrations" ORDER BY "schema_migrations"."version" ASC[0m
  [1m[36mArea Load (0.3ms)[0m  [1m[34mSELECT "areas".* FROM "areas"[0m
  [1m[35m (0.1ms)[0m  [1m[35mBEGIN[0m
  [1m[35mSQL (0.3ms)[0m  [1m[32mINSERT INTO "areas" ("name", "nota", "created_at", "updated_at") VALUES ($1, $2, $3, $4) RETURNING "id"[0m  [["name", "Gerencia General"], ["nota", 5.0], ["created_at", "2018-04-12 21:39:46.618533"], ["updated_at", "2018-04-12 21:39:46.618533"]]
  [1m[35m (17.7ms)[0m  [1m[35mCOMMIT[0m
  [1m[35m (0.1ms)[0m  [1m[35mBEGIN[0m
  [1m[35mSQL (0.2ms)[0m  [1m[32mINSERT INTO "areas" ("name", "nota", "parent_id", "created_at", "updated_at") VALUES ($1, $2, $3, $4, $5) RETURNING "id"[0m  [["name", "Gerencia Finanzas"], ["nota", 5.0], ["parent_id", 1], ["created_at", "2018-04-12 21:39:46.637673"], ["updated_at", "2018-04-12 21:39:46.637673"]]
  [1m[35m (7.2ms)[0m  [1m[35mCOMMIT[0m
  [1m[35m (0.1ms)[0m  [1m[35mBEGIN[0m
  [1m[35mSQL (0.2ms)[0m  [1m[32mINSERT INTO "areas" ("name", "nota", "parent_id", "created_at", "updated_at") VALUES ($1, $2, $3, $4, $5) RETURNING "id"[0m  [["name", "Contabilidad"], ["nota", 5.0], ["parent_id", 2], ["created_at", "2018-04-12 21:39:46.645988"], ["updated_at", "2018-04-12 21:39:46.645988"]]
  [1m[35m (7.2ms)[0m  [1m[35mCOMMIT[0m
  [1m[35m (0.1ms)[0m  [1m[35mBEGIN[0m
  [1m[35mSQL (0.2ms)[0m  [1m[32mINSERT INTO "areas" ("name", "nota", "parent_id", "created_at", "updated_at") VALUES ($1, $2, $3, $4, $5) RETURNING "id"[0m  [["name", "Gerencia de operaciones"], ["nota", 5.0], ["parent_id", 1], ["created_at", "2018-04-12 21:39:46.654256"], ["updated_at", "2018-04-12 21:39:46.654256"]]
  [1m[35m (7.2ms)[0m  [1m[35mCOMMIT[0m
  [1m[35m (0.1ms)[0m  [1m[35mBEGIN[0m
  [1m[35mSQL (0.2ms)[0m  [1m[32mINSERT INTO "areas" ("name", "nota", "parent_id", "created_at", "updated_at") VALUES ($1, $2, $3, $4, $5) RETURNING "id"[0m  [["name", "Gerencia de tecnologia"], ["nota", 5.0], ["parent_id", 1], ["created_at", "2018-04-12 21:39:46.662466"], ["updated_at", "2018-04-12 21:39:46.662466"]]
  [1m[35m (7.4ms)[0m  [1m[35mCOMMIT[0m
  [1m[35m (0.1ms)[0m  [1m[35mBEGIN[0m
  [1m[35mSQL (0.2ms)[0m  [1m[32mINSERT INTO "areas" ("name", "nota", "parent_id", "created_at", "updated_at") VALUES ($1, $2, $3, $4, $5) RETURNING "id"[0m  [["name", "analisis"], ["nota", 5.0], ["parent_id", 4], ["created_at", "2018-04-12 21:39:46.670985"], ["updated_at", "2018-04-12 21:39:46.670985"]]
  [1m[35m (7.2ms)[0m  [1m[35mCOMMIT[0m
  [1m[35m (0.1ms)[0m  [1m[35mBEGIN[0m
  [1m[35mSQL (0.2ms)[0m  [1m[32mINSERT INTO "areas" ("name", "nota", "parent_id", "created_at", "updated_at") VALUES ($1, $2, $3, $4, $5) RETURNING "id"[0m  [["name", "Consultoria"], ["nota", 5.0], ["parent_id", 4], ["created_at", "2018-04-12 21:39:46.679277"], ["updated_at", "2018-04-12 21:39:46.679277"]]
  [1m[35m (7.1ms)[0m  [1m[35mCOMMIT[0m
  [1m[35m (0.1ms)[0m  [1m[35mBEGIN[0m
  [1m[35mSQL (0.3ms)[0m  [1m[32mINSERT INTO "areas" ("name", "nota", "parent_id", "created_at", "updated_at") VALUES ($1, $2, $3, $4, $5) RETURNING "id"[0m  [["name", "Desarrollo"], ["nota", 5.0], ["parent_id", 5], ["created_at", "2018-04-12 21:39:46.687668"], ["updated_at", "2018-04-12 21:39:46.687668"]]
  [1m[35m (6.9ms)[0m  [1m[35mCOMMIT[0m
  [1m[35m (0.1ms)[0m  [1m[35mBEGIN[0m
  [1m[35mSQL (0.3ms)[0m  [1m[32mINSERT INTO "areas" ("name", "nota", "parent_id", "created_at", "updated_at") VALUES ($1, $2, $3, $4, $5) RETURNING "id"[0m  [["name", "QA"], ["nota", 5.0], ["parent_id", 5], ["created_at", "2018-04-12 21:39:46.696056"], ["updated_at", "2018-04-12 21:39:46.696056"]]
  [1m[35m (6.9ms)[0m  [1m[35mCOMMIT[0m
Started GET "/v1/index" for 127.0.0.1 at 2018-04-12 17:40:15 -0400
  [1m[35m (0.2ms)[0m  [1m[34mSELECT "schema_migrations"."version" FROM "schema_migrations" ORDER BY "schema_migrations"."version" ASC[0m
Processing by V1::HomeController#index as JSON
Completed 200 OK in 0ms (Views: 0.1ms | ActiveRecord: 0.0ms)


Started GET "/v1/index" for 127.0.0.1 at 2018-04-12 17:40:24 -0400
  [1m[35m (0.5ms)[0m  [1m[34mSELECT "schema_migrations"."version" FROM "schema_migrations" ORDER BY "schema_migrations"."version" ASC[0m
Processing by V1::HomeController#index as JSON
Completed 200 OK in 0ms (Views: 0.1ms | ActiveRecord: 0.0ms)


Started GET "/v1/index" for 127.0.0.1 at 2018-04-12 17:40:42 -0400
Processing by V1::HomeController#index as JSON
  [1m[36mArea Load (1.1ms)[0m  [1m[34mSELECT "areas".* FROM "areas"[0m
Completed 200 OK in 177222ms (Views: 0.1ms | ActiveRecord: 11.0ms)


Started GET "/v1/index" for 127.0.0.1 at 2018-04-12 17:43:58 -0400
  [1m[35m (0.5ms)[0m  [1m[34mSELECT "schema_migrations"."version" FROM "schema_migrations" ORDER BY "schema_migrations"."version" ASC[0m
Processing by V1::HomeController#index as JSON
  [1m[36mArea Load (0.9ms)[0m  [1m[34mSELECT  "areas".* FROM "areas" ORDER BY "areas"."id" ASC LIMIT $1[0m  [["LIMIT", 1]]
  [1m[36mArea Load (0.4ms)[0m  [1m[34mSELECT  "areas".* FROM "areas" ORDER BY "areas"."id" ASC LIMIT $1[0m  [["LIMIT", 1]]
  [1m[36mArea Load (0.8ms)[0m  [1m[34mSELECT  "areas".* FROM "areas" ORDER BY "areas"."id" ASC LIMIT $1[0m  [["LIMIT", 1]]
  [1m[36mArea Load (0.4ms)[0m  [1m[34mSELECT "areas".* FROM "areas" WHERE "areas"."parent_id" = $1[0m  [["parent_id", 1]]
  [1m[36mArea Load (0.2ms)[0m  [1m[34mSELECT  "areas".* FROM "areas" ORDER BY "areas"."id" ASC LIMIT $1[0m  [["LIMIT", 1]]
  [1m[36mArea Load (0.2ms)[0m  [1m[34mSELECT  "areas".* FROM "areas" WHERE "areas"."parent_id" = $1 ORDER BY "areas"."id" ASC LIMIT $2[0m  [["parent_id", 1], ["LIMIT", 1]]
  [1m[36mArea Load (0.8ms)[0m  [1m[34mSELECT  "areas".* FROM "areas" ORDER BY "areas"."id" ASC LIMIT $1[0m  [["LIMIT", 1]]
  [1m[36mArea Load (0.7ms)[0m  [1m[34mSELECT  "areas".* FROM "areas" WHERE "areas"."parent_id" = $1 ORDER BY "areas"."id" ASC LIMIT $2[0m  [["parent_id", 1], ["LIMIT", 1]]
  [1m[36mArea Load (0.8ms)[0m  [1m[34mSELECT "areas".* FROM "areas" WHERE "areas"."parent_id" = $1[0m  [["parent_id", 2]]
Completed 200 OK in 53344ms (Views: 0.3ms | ActiveRecord: 14.5ms)


Started GET "/v1/index" for 127.0.0.1 at 2018-04-12 17:44:54 -0400
Processing by V1::HomeController#index as JSON
  [1m[36mArea Load (0.7ms)[0m  [1m[34mSELECT  "areas".* FROM "areas" ORDER BY "areas"."id" ASC LIMIT $1[0m  [["LIMIT", 1]]
  [1m[36mCACHE Area Load (0.0ms)[0m  [1m[34mSELECT  "areas".* FROM "areas" ORDER BY "areas"."id" ASC LIMIT $1[0m  [["LIMIT", 1]]
  [1m[36mArea Load (0.4ms)[0m  [1m[34mSELECT "areas".* FROM "areas" WHERE "areas"."parent_id" = $1[0m  [["parent_id", 1]]
  [1m[36mCACHE Area Load (0.0ms)[0m  [1m[34mSELECT  "areas".* FROM "areas" ORDER BY "areas"."id" ASC LIMIT $1[0m  [["LIMIT", 1]]
  [1m[36mArea Load (1.0ms)[0m  [1m[34mSELECT  "areas".* FROM "areas" WHERE "areas"."parent_id" = $1 ORDER BY "areas"."id" ASC LIMIT $2[0m  [["parent_id", 1], ["LIMIT", 1]]
  [1m[36mCACHE Area Load (0.0ms)[0m  [1m[34mSELECT  "areas".* FROM "areas" ORDER BY "areas"."id" ASC LIMIT $1[0m  [["LIMIT", 1]]
  [1m[36mCACHE Area Load (0.0ms)[0m  [1m[34mSELECT  "areas".* FROM "areas" WHERE "areas"."parent_id" = $1 ORDER BY "areas"."id" ASC LIMIT $2[0m  [["parent_id", 1], ["LIMIT", 1]]
  [1m[36mArea Load (0.3ms)[0m  [1m[34mSELECT "areas".* FROM "areas" WHERE "areas"."parent_id" = $1[0m  [["parent_id", 2]]
  [1m[36mCACHE Area Load (0.0ms)[0m  [1m[34mSELECT  "areas".* FROM "areas" ORDER BY "areas"."id" ASC LIMIT $1[0m  [["LIMIT", 1]]
  [1m[36mArea Load (0.8ms)[0m  [1m[34mSELECT  "areas".* FROM "areas" WHERE "areas"."parent_id" = $1 ORDER BY "areas"."id" ASC LIMIT $2 OFFSET $3[0m  [["parent_id", 1], ["LIMIT", 1], ["OFFSET", 1]]
  [1m[36mCACHE Area Load (0.0ms)[0m  [1m[34mSELECT  "areas".* FROM "areas" ORDER BY "areas"."id" ASC LIMIT $1[0m  [["LIMIT", 1]]
  [1m[36mCACHE Area Load (0.0ms)[0m  [1m[34mSELECT  "areas".* FROM "areas" WHERE "areas"."parent_id" = $1 ORDER BY "areas"."id" ASC LIMIT $2 OFFSET $3[0m  [["parent_id", 1], ["LIMIT", 1], ["OFFSET", 1]]
  [1m[36mArea Load (0.9ms)[0m  [1m[34mSELECT "areas".* FROM "areas" WHERE "areas"."parent_id" = $1[0m  [["parent_id", 4]]
  [1m[36mCACHE Area Load (0.0ms)[0m  [1m[34mSELECT  "areas".* FROM "areas" ORDER BY "areas"."id" ASC LIMIT $1[0m  [["LIMIT", 1]]
  [1m[36mCACHE Area Load (0.0ms)[0m  [1m[34mSELECT  "areas".* FROM "areas" WHERE "areas"."parent_id" = $1 ORDER BY "areas"."id" ASC LIMIT $2 OFFSET $3[0m  [["parent_id", 1], ["LIMIT", 1], ["OFFSET", 1]]
  [1m[36mArea Load (0.3ms)[0m  [1m[34mSELECT  "areas".* FROM "areas" WHERE "areas"."parent_id" = $1 ORDER BY "areas"."id" ASC LIMIT $2[0m  [["parent_id", 4], ["LIMIT", 1]]
  [1m[36mCACHE Area Load (0.0ms)[0m  [1m[34mSELECT  "areas".* FROM "areas" ORDER BY "areas"."id" ASC LIMIT $1[0m  [["LIMIT", 1]]
  [1m[36mCACHE Area Load (0.0ms)[0m  [1m[34mSELECT  "areas".* FROM "areas" WHERE "areas"."parent_id" = $1 ORDER BY "areas"."id" ASC LIMIT $2 OFFSET $3[0m  [["parent_id", 1], ["LIMIT", 1], ["OFFSET", 1]]
  [1m[36mCACHE Area Load (0.0ms)[0m  [1m[34mSELECT  "areas".* FROM "areas" WHERE "areas"."parent_id" = $1 ORDER BY "areas"."id" ASC LIMIT $2[0m  [["parent_id", 4], ["LIMIT", 1]]
  [1m[36mArea Load (0.7ms)[0m  [1m[34mSELECT  "areas".* FROM "areas" WHERE "areas"."id" = $1 LIMIT $2[0m  [["id", 4], ["LIMIT", 1]]
  [1m[36mCACHE Area Load (0.0ms)[0m  [1m[34mSELECT  "areas".* FROM "areas" ORDER BY "areas"."id" ASC LIMIT $1[0m  [["LIMIT", 1]]
  [1m[36mCACHE Area Load (0.0ms)[0m  [1m[34mSELECT  "areas".* FROM "areas" WHERE "areas"."parent_id" = $1 ORDER BY "areas"."id" ASC LIMIT $2 OFFSET $3[0m  [["parent_id", 1], ["LIMIT", 1], ["OFFSET", 1]]
  [1m[36mCACHE Area Load (0.0ms)[0m  [1m[34mSELECT  "areas".* FROM "areas" WHERE "areas"."parent_id" = $1 ORDER BY "areas"."id" ASC LIMIT $2[0m  [["parent_id", 4], ["LIMIT", 1]]
  [1m[36mCACHE Area Load (0.0ms)[0m  [1m[34mSELECT  "areas".* FROM "areas" WHERE "areas"."id" = $1 LIMIT $2[0m  [["id", 4], ["LIMIT", 1]]
  [1m[36mCACHE Area Load (0.0ms)[0m  [1m[34mSELECT  "areas".* FROM "areas" ORDER BY "areas"."id" ASC LIMIT $1[0m  [["LIMIT", 1]]
  [1m[36mCACHE Area Load (0.1ms)[0m  [1m[34mSELECT  "areas".* FROM "areas" WHERE "areas"."parent_id" = $1 ORDER BY "areas"."id" ASC LIMIT $2 OFFSET $3[0m  [["parent_id", 1], ["LIMIT", 1], ["OFFSET", 1]]
  [1m[36mCACHE Area Load (0.0ms)[0m  [1m[34mSELECT  "areas".* FROM "areas" WHERE "areas"."parent_id" = $1 ORDER BY "areas"."id" ASC LIMIT $2[0m  [["parent_id", 4], ["LIMIT", 1]]
Completed 200 OK in 167207ms (Views: 0.4ms | ActiveRecord: 5.7ms)


Started GET "/v1/index" for 127.0.0.1 at 2018-04-12 17:47:56 -0400
Processing by V1::HomeController#index as JSON
  [1m[36mArea Load (0.3ms)[0m  [1m[34mSELECT "areas".* FROM "areas"[0m
  [1m[36mArea Load (0.4ms)[0m  [1m[34mSELECT  "areas".* FROM "areas" ORDER BY "areas"."id" ASC LIMIT $1[0m  [["LIMIT", 1]]
  [1m[36mCACHE Area Load (0.0ms)[0m  [1m[34mSELECT  "areas".* FROM "areas" ORDER BY "areas"."id" ASC LIMIT $1[0m  [["LIMIT", 1]]
  [1m[36mCACHE Area Load (0.0ms)[0m  [1m[34mSELECT  "areas".* FROM "areas" ORDER BY "areas"."id" ASC LIMIT $1[0m  [["LIMIT", 1]]
  [1m[36mArea Exists (0.3ms)[0m  [1m[34mSELECT  1 AS one FROM "areas" WHERE "areas"."parent_id" = $1 LIMIT $2[0m  [["parent_id", 1], ["LIMIT", 1]]
  [1m[36mArea Load (0.3ms)[0m  [1m[34mSELECT  "areas".* FROM "areas" WHERE "areas"."id" = $1 LIMIT $2[0m  [["id", nil], ["LIMIT", 1]]
  [1m[36mArea Load (0.3ms)[0m  [1m[34mSELECT  "areas".* FROM "areas" WHERE "areas"."parent_id" IS NULL LIMIT $1[0m  [["LIMIT", 1]]
  [1m[36mCACHE Area Load (0.0ms)[0m  [1m[34mSELECT  "areas".* FROM "areas" WHERE "areas"."parent_id" IS NULL LIMIT $1[0m  [["LIMIT", 1]]
Completed 200 OK in 490235ms (Views: 0.1ms | ActiveRecord: 1.6ms)


Started GET "/v1/index" for 127.0.0.1 at 2018-04-12 17:56:08 -0400
Processing by V1::HomeController#index as JSON
  [1m[36mArea Load (0.8ms)[0m  [1m[34mSELECT  "areas".* FROM "areas" WHERE "areas"."parent_id" IS NULL LIMIT $1[0m  [["LIMIT", 1]]
Completed 200 OK in 16228ms (Views: 0.1ms | ActiveRecord: 0.8ms)


Started GET "/v1/index" for 127.0.0.1 at 2018-04-12 17:56:28 -0400
Processing by V1::HomeController#index as JSON
  [1m[36mArea Load (0.8ms)[0m  [1m[34mSELECT  "areas".* FROM "areas" WHERE "areas"."parent_id" IS NULL LIMIT $1[0m  [["LIMIT", 1]]
  [1m[36mArea Load (0.4ms)[0m  [1m[34mSELECT "areas".* FROM "areas" WHERE "areas"."parent_id" = $1[0m  [["parent_id", 1]]
Completed 200 OK in 14032ms (Views: 0.1ms | ActiveRecord: 1.2ms)


Started GET "/v1/index" for 127.0.0.1 at 2018-04-12 17:56:44 -0400
Processing by V1::HomeController#index as JSON
  [1m[36mArea Load (0.9ms)[0m  [1m[34mSELECT  "areas".* FROM "areas" WHERE "areas"."parent_id" IS NULL LIMIT $1[0m  [["LIMIT", 1]]
  [1m[36mArea Load (0.2ms)[0m  [1m[34mSELECT "areas".* FROM "areas" WHERE "areas"."parent_id" = $1[0m  [["parent_id", 1]]
  [1m[36mArea Load (0.1ms)[0m  [1m[34mSELECT "areas".* FROM "areas" WHERE "areas"."parent_id" = $1[0m  [["parent_id", 2]]
  [1m[36mArea Load (0.1ms)[0m  [1m[34mSELECT "areas".* FROM "areas" WHERE "areas"."parent_id" = $1[0m  [["parent_id", 3]]
  [1m[36mArea Load (0.1ms)[0m  [1m[34mSELECT "areas".* FROM "areas" WHERE "areas"."parent_id" = $1[0m  [["parent_id", 4]]
  [1m[36mArea Load (0.1ms)[0m  [1m[34mSELECT "areas".* FROM "areas" WHERE "areas"."parent_id" = $1[0m  [["parent_id", 6]]
  [1m[36mArea Load (0.1ms)[0m  [1m[34mSELECT "areas".* FROM "areas" WHERE "areas"."parent_id" = $1[0m  [["parent_id", 7]]
  [1m[36mArea Load (0.2ms)[0m  [1m[34mSELECT "areas".* FROM "areas" WHERE "areas"."parent_id" = $1[0m  [["parent_id", 5]]
  [1m[36mArea Load (0.2ms)[0m  [1m[34mSELECT "areas".* FROM "areas" WHERE "areas"."parent_id" = $1[0m  [["parent_id", 8]]
  [1m[36mArea Load (0.1ms)[0m  [1m[34mSELECT "areas".* FROM "areas" WHERE "areas"."parent_id" = $1[0m  [["parent_id", 9]]
Completed 200 OK in 302187ms (Views: 0.4ms | ActiveRecord: 2.3ms)


Started GET "/v1/index" for 127.0.0.1 at 2018-04-12 18:01:48 -0400
Processing by V1::HomeController#index as JSON
Completed 200 OK in 427206ms (Views: 0.4ms | ActiveRecord: 0.0ms)


Started GET "/v1/index" for 127.0.0.1 at 2018-04-12 18:08:57 -0400
Processing by V1::HomeController#index as JSON
  [1m[36mArea Load (1.2ms)[0m  [1m[34mSELECT  "areas".* FROM "areas" WHERE "areas"."parent_id" IS NULL LIMIT $1[0m  [["LIMIT", 1]]
  [1m[36mArea Load (0.3ms)[0m  [1m[34mSELECT "areas".* FROM "areas" WHERE "areas"."parent_id" = $1[0m  [["parent_id", 1]]
  [1m[36mArea Load (0.2ms)[0m  [1m[34mSELECT "areas".* FROM "areas" WHERE "areas"."parent_id" = $1[0m  [["parent_id", 2]]
  [1m[36mArea Load (0.2ms)[0m  [1m[34mSELECT "areas".* FROM "areas" WHERE "areas"."parent_id" = $1[0m  [["parent_id", 3]]
  [1m[36mArea Load (0.4ms)[0m  [1m[34mSELECT "areas".* FROM "areas" WHERE "areas"."parent_id" = $1[0m  [["parent_id", 4]]
  [1m[36mArea Load (0.2ms)[0m  [1m[34mSELECT "areas".* FROM "areas" WHERE "areas"."parent_id" = $1[0m  [["parent_id", 6]]
  [1m[36mArea Load (0.2ms)[0m  [1m[34mSELECT "areas".* FROM "areas" WHERE "areas"."parent_id" = $1[0m  [["parent_id", 7]]
  [1m[36mArea Load (0.2ms)[0m  [1m[34mSELECT "areas".* FROM "areas" WHERE "areas"."parent_id" = $1[0m  [["parent_id", 5]]
  [1m[36mArea Load (0.1ms)[0m  [1m[34mSELECT "areas".* FROM "areas" WHERE "areas"."parent_id" = $1[0m  [["parent_id", 8]]
  [1m[36mArea Load (0.1ms)[0m  [1m[34mSELECT "areas".* FROM "areas" WHERE "areas"."parent_id" = $1[0m  [["parent_id", 9]]
Completed 200 OK in 87196ms (Views: 0.1ms | ActiveRecord: 11.9ms)


Started GET "/v1/index" for 127.0.0.1 at 2018-04-12 18:10:27 -0400
Processing by V1::HomeController#index as JSON
  [1m[36mArea Load (0.3ms)[0m  [1m[34mSELECT  "areas".* FROM "areas" WHERE "areas"."parent_id" IS NULL LIMIT $1[0m  [["LIMIT", 1]]
  [1m[36mArea Load (0.3ms)[0m  [1m[34mSELECT "areas".* FROM "areas" WHERE "areas"."parent_id" = $1[0m  [["parent_id", 1]]
  [1m[36mArea Load (0.3ms)[0m  [1m[34mSELECT "areas".* FROM "areas" WHERE "areas"."parent_id" = $1[0m  [["parent_id", 2]]
  [1m[36mArea Load (0.2ms)[0m  [1m[34mSELECT "areas".* FROM "areas" WHERE "areas"."parent_id" = $1[0m  [["parent_id", 3]]
  [1m[36mArea Load (0.2ms)[0m  [1m[34mSELECT "areas".* FROM "areas" WHERE "areas"."parent_id" = $1[0m  [["parent_id", 4]]
  [1m[36mArea Load (0.2ms)[0m  [1m[34mSELECT "areas".* FROM "areas" WHERE "areas"."parent_id" = $1[0m  [["parent_id", 6]]
  [1m[36mArea Load (0.2ms)[0m  [1m[34mSELECT "areas".* FROM "areas" WHERE "areas"."parent_id" = $1[0m  [["parent_id", 7]]
  [1m[36mArea Load (0.2ms)[0m  [1m[34mSELECT "areas".* FROM "areas" WHERE "areas"."parent_id" = $1[0m  [["parent_id", 5]]
  [1m[36mArea Load (0.2ms)[0m  [1m[34mSELECT "areas".* FROM "areas" WHERE "areas"."parent_id" = $1[0m  [["parent_id", 8]]
  [1m[36mArea Load (0.1ms)[0m  [1m[34mSELECT "areas".* FROM "areas" WHERE "areas"."parent_id" = $1[0m  [["parent_id", 9]]
Completed 200 OK in 42349ms (Views: 0.3ms | ActiveRecord: 2.1ms)


Started GET "/v1/index" for 127.0.0.1 at 2018-04-12 18:11:11 -0400
Processing by V1::HomeController#index as JSON
Completed 200 OK in 33289ms (Views: 0.5ms | ActiveRecord: 0.0ms)


Started GET "/v1/index" for 127.0.0.1 at 2018-04-12 18:11:46 -0400
Processing by V1::HomeController#index as JSON
Completed 200 OK in 156498ms (Views: 0.1ms | ActiveRecord: 0.0ms)


Started GET "/v1/index" for 127.0.0.1 at 2018-04-12 18:14:25 -0400
Processing by V1::HomeController#index as JSON
  [1m[36mArea Load (0.2ms)[0m  [1m[34mSELECT  "areas".* FROM "areas" WHERE "areas"."parent_id" IS NULL LIMIT $1[0m  [["LIMIT", 1]]
  [1m[36mArea Load (0.8ms)[0m  [1m[34mSELECT "areas".* FROM "areas" WHERE "areas"."parent_id" = $1[0m  [["parent_id", 1]]
  [1m[36mArea Load (0.6ms)[0m  [1m[34mSELECT "areas".* FROM "areas" WHERE "areas"."parent_id" = $1[0m  [["parent_id", 2]]
  [1m[36mArea Load (0.6ms)[0m  [1m[34mSELECT "areas".* FROM "areas" WHERE "areas"."parent_id" = $1[0m  [["parent_id", 3]]
  [1m[36mArea Load (0.7ms)[0m  [1m[34mSELECT "areas".* FROM "areas" WHERE "areas"."parent_id" = $1[0m  [["parent_id", 4]]
  [1m[36mArea Load (0.6ms)[0m  [1m[34mSELECT "areas".* FROM "areas" WHERE "areas"."parent_id" = $1[0m  [["parent_id", 6]]
  [1m[36mArea Load (0.3ms)[0m  [1m[34mSELECT "areas".* FROM "areas" WHERE "areas"."parent_id" = $1[0m  [["parent_id", 7]]
  [1m[36mArea Load (0.5ms)[0m  [1m[34mSELECT "areas".* FROM "areas" WHERE "areas"."parent_id" = $1[0m  [["parent_id", 5]]
  [1m[36mArea Load (0.3ms)[0m  [1m[34mSELECT "areas".* FROM "areas" WHERE "areas"."parent_id" = $1[0m  [["parent_id", 8]]
  [1m[36mArea Load (0.4ms)[0m  [1m[34mSELECT "areas".* FROM "areas" WHERE "areas"."parent_id" = $1[0m  [["parent_id", 9]]
Completed 200 OK in 98508ms (Views: 0.3ms | ActiveRecord: 7.5ms)


Started GET "/v1/index" for 127.0.0.1 at 2018-04-12 18:16:05 -0400
Processing by V1::HomeController#index as JSON
  [1m[36mArea Load (0.7ms)[0m  [1m[34mSELECT  "areas".* FROM "areas" WHERE "areas"."parent_id" IS NULL LIMIT $1[0m  [["LIMIT", 1]]
  [1m[36mArea Load (0.2ms)[0m  [1m[34mSELECT "areas".* FROM "areas" WHERE "areas"."parent_id" = $1[0m  [["parent_id", 1]]
  [1m[36mArea Load (0.1ms)[0m  [1m[34mSELECT "areas".* FROM "areas" WHERE "areas"."parent_id" = $1[0m  [["parent_id", 2]]
  [1m[36mArea Load (0.1ms)[0m  [1m[34mSELECT "areas".* FROM "areas" WHERE "areas"."parent_id" = $1[0m  [["parent_id", 3]]
  [1m[36mArea Load (0.1ms)[0m  [1m[34mSELECT "areas".* FROM "areas" WHERE "areas"."parent_id" = $1[0m  [["parent_id", 4]]
  [1m[36mArea Load (0.1ms)[0m  [1m[34mSELECT "areas".* FROM "areas" WHERE "areas"."parent_id" = $1[0m  [["parent_id", 6]]
  [1m[36mArea Load (0.1ms)[0m  [1m[34mSELECT "areas".* FROM "areas" WHERE "areas"."parent_id" = $1[0m  [["parent_id", 7]]
  [1m[36mArea Load (0.1ms)[0m  [1m[34mSELECT "areas".* FROM "areas" WHERE "areas"."parent_id" = $1[0m  [["parent_id", 5]]
  [1m[36mArea Load (0.1ms)[0m  [1m[34mSELECT "areas".* FROM "areas" WHERE "areas"."parent_id" = $1[0m  [["parent_id", 8]]
  [1m[36mArea Load (0.1ms)[0m  [1m[34mSELECT "areas".* FROM "areas" WHERE "areas"."parent_id" = $1[0m  [["parent_id", 9]]
Completed 200 OK in 77714ms (Views: 0.1ms | ActiveRecord: 1.9ms)


Started GET "/v1/index" for 127.0.0.1 at 2018-04-12 18:17:25 -0400
Processing by V1::HomeController#index as JSON
Completed 200 OK in 62956ms (Views: 0.1ms | ActiveRecord: 0.0ms)


Started GET "/v1/index" for 127.0.0.1 at 2018-04-12 18:18:30 -0400
Processing by V1::HomeController#index as JSON
  [1m[36mArea Load (0.9ms)[0m  [1m[34mSELECT  "areas".* FROM "areas" WHERE "areas"."parent_id" IS NULL LIMIT $1[0m  [["LIMIT", 1]]
  [1m[36mArea Load (0.3ms)[0m  [1m[34mSELECT "areas".* FROM "areas" WHERE "areas"."parent_id" = $1[0m  [["parent_id", 1]]
  [1m[36mArea Load (0.3ms)[0m  [1m[34mSELECT "areas".* FROM "areas" WHERE "areas"."parent_id" = $1[0m  [["parent_id", 2]]
  [1m[36mArea Load (0.2ms)[0m  [1m[34mSELECT "areas".* FROM "areas" WHERE "areas"."parent_id" = $1[0m  [["parent_id", 3]]
  [1m[36mArea Load (0.2ms)[0m  [1m[34mSELECT "areas".* FROM "areas" WHERE "areas"."parent_id" = $1[0m  [["parent_id", 4]]
  [1m[36mArea Load (0.2ms)[0m  [1m[34mSELECT "areas".* FROM "areas" WHERE "areas"."parent_id" = $1[0m  [["parent_id", 6]]
  [1m[36mArea Load (0.2ms)[0m  [1m[34mSELECT "areas".* FROM "areas" WHERE "areas"."parent_id" = $1[0m  [["parent_id", 7]]
  [1m[36mArea Load (0.2ms)[0m  [1m[34mSELECT "areas".* FROM "areas" WHERE "areas"."parent_id" = $1[0m  [["parent_id", 5]]
  [1m[36mArea Load (0.2ms)[0m  [1m[34mSELECT "areas".* FROM "areas" WHERE "areas"."parent_id" = $1[0m  [["parent_id", 8]]
  [1m[36mArea Load (0.2ms)[0m  [1m[34mSELECT "areas".* FROM "areas" WHERE "areas"."parent_id" = $1[0m  [["parent_id", 9]]
Completed 200 OK in 21036ms (Views: 0.1ms | ActiveRecord: 12.6ms)


Started GET "/" for 127.0.0.1 at 2018-04-12 18:18:56 -0400
Processing by Rails::WelcomeController#index as HTML
  Rendering /home/dav1nx1/.rbenv/versions/2.4.3/lib/ruby/gems/2.4.0/gems/railties-5.1.6/lib/rails/templates/rails/welcome/index.html.erb
  Rendered /home/dav1nx1/.rbenv/versions/2.4.3/lib/ruby/gems/2.4.0/gems/railties-5.1.6/lib/rails/templates/rails/welcome/index.html.erb (13.6ms)
Completed 200 OK in 152ms (Views: 61.5ms | ActiveRecord: 0.0ms)


Started GET "/favicon.ico" for 127.0.0.1 at 2018-04-12 18:18:57 -0400
  
ActionController::RoutingError (No route matches [GET] "/favicon.ico"):
  
actionpack (5.1.6) lib/action_dispatch/middleware/debug_exceptions.rb:63:in `call'
actionpack (5.1.6) lib/action_dispatch/middleware/show_exceptions.rb:31:in `call'
railties (5.1.6) lib/rails/rack/logger.rb:36:in `call_app'
railties (5.1.6) lib/rails/rack/logger.rb:24:in `block in call'
activesupport (5.1.6) lib/active_support/tagged_logging.rb:69:in `block in tagged'
activesupport (5.1.6) lib/active_support/tagged_logging.rb:26:in `tagged'
activesupport (5.1.6) lib/active_support/tagged_logging.rb:69:in `tagged'
railties (5.1.6) lib/rails/rack/logger.rb:24:in `call'
actionpack (5.1.6) lib/action_dispatch/middleware/remote_ip.rb:79:in `call'
actionpack (5.1.6) lib/action_dispatch/middleware/request_id.rb:25:in `call'
rack (2.0.4) lib/rack/runtime.rb:22:in `call'
activesupport (5.1.6) lib/active_support/cache/strategy/local_cache_middleware.rb:27:in `call'
actionpack (5.1.6) lib/action_dispatch/middleware/executor.rb:12:in `call'
actionpack (5.1.6) lib/action_dispatch/middleware/static.rb:125:in `call'
rack (2.0.4) lib/rack/sendfile.rb:111:in `call'
railties (5.1.6) lib/rails/engine.rb:522:in `call'
puma (3.11.3) lib/puma/configuration.rb:225:in `call'
puma (3.11.3) lib/puma/server.rb:624:in `handle_request'
puma (3.11.3) lib/puma/server.rb:438:in `process_client'
puma (3.11.3) lib/puma/server.rb:302:in `block in run'
puma (3.11.3) lib/puma/thread_pool.rb:120:in `block in spawn_thread'
Started GET "/favicon.ico" for 127.0.0.1 at 2018-04-12 18:18:57 -0400
  
ActionController::RoutingError (No route matches [GET] "/favicon.ico"):
  
actionpack (5.1.6) lib/action_dispatch/middleware/debug_exceptions.rb:63:in `call'
actionpack (5.1.6) lib/action_dispatch/middleware/show_exceptions.rb:31:in `call'
railties (5.1.6) lib/rails/rack/logger.rb:36:in `call_app'
railties (5.1.6) lib/rails/rack/logger.rb:24:in `block in call'
activesupport (5.1.6) lib/active_support/tagged_logging.rb:69:in `block in tagged'
activesupport (5.1.6) lib/active_support/tagged_logging.rb:26:in `tagged'
activesupport (5.1.6) lib/active_support/tagged_logging.rb:69:in `tagged'
railties (5.1.6) lib/rails/rack/logger.rb:24:in `call'
actionpack (5.1.6) lib/action_dispatch/middleware/remote_ip.rb:79:in `call'
actionpack (5.1.6) lib/action_dispatch/middleware/request_id.rb:25:in `call'
rack (2.0.4) lib/rack/runtime.rb:22:in `call'
activesupport (5.1.6) lib/active_support/cache/strategy/local_cache_middleware.rb:27:in `call'
actionpack (5.1.6) lib/action_dispatch/middleware/executor.rb:12:in `call'
actionpack (5.1.6) lib/action_dispatch/middleware/static.rb:125:in `call'
rack (2.0.4) lib/rack/sendfile.rb:111:in `call'
railties (5.1.6) lib/rails/engine.rb:522:in `call'
puma (3.11.3) lib/puma/configuration.rb:225:in `call'
puma (3.11.3) lib/puma/server.rb:624:in `handle_request'
puma (3.11.3) lib/puma/server.rb:438:in `process_client'
puma (3.11.3) lib/puma/server.rb:302:in `block in run'
puma (3.11.3) lib/puma/thread_pool.rb:120:in `block in spawn_thread'
Started GET "/v1/index" for 127.0.0.1 at 2018-04-12 18:19:02 -0400
Processing by V1::HomeController#index as JSON
Completed 200 OK in 2867ms (Views: 0.4ms | ActiveRecord: 0.0ms)


Started GET "/v1/index" for 127.0.0.1 at 2018-04-12 18:19:27 -0400
Processing by V1::HomeController#index as JSON
Completed 200 OK in 61460ms (Views: 0.3ms | ActiveRecord: 0.0ms)


Started GET "/v1/index" for 127.0.0.1 at 2018-04-12 18:20:31 -0400
Processing by V1::HomeController#index as JSON
  [1m[36mArea Load (0.4ms)[0m  [1m[34mSELECT  "areas".* FROM "areas" WHERE "areas"."parent_id" IS NULL LIMIT $1[0m  [["LIMIT", 1]]
  [1m[36mArea Load (0.3ms)[0m  [1m[34mSELECT "areas".* FROM "areas" WHERE "areas"."parent_id" = $1[0m  [["parent_id", 1]]
  [1m[36mArea Load (0.3ms)[0m  [1m[34mSELECT "areas".* FROM "areas" WHERE "areas"."parent_id" = $1[0m  [["parent_id", 2]]
  [1m[36mArea Load (0.3ms)[0m  [1m[34mSELECT "areas".* FROM "areas" WHERE "areas"."parent_id" = $1[0m  [["parent_id", 3]]
  [1m[36mArea Load (0.3ms)[0m  [1m[34mSELECT "areas".* FROM "areas" WHERE "areas"."parent_id" = $1[0m  [["parent_id", 4]]
  [1m[36mArea Load (0.5ms)[0m  [1m[34mSELECT "areas".* FROM "areas" WHERE "areas"."parent_id" = $1[0m  [["parent_id", 6]]
  [1m[36mArea Load (0.3ms)[0m  [1m[34mSELECT "areas".* FROM "areas" WHERE "areas"."parent_id" = $1[0m  [["parent_id", 7]]
  [1m[36mArea Load (0.3ms)[0m  [1m[34mSELECT "areas".* FROM "areas" WHERE "areas"."parent_id" = $1[0m  [["parent_id", 5]]
  [1m[36mArea Load (0.2ms)[0m  [1m[34mSELECT "areas".* FROM "areas" WHERE "areas"."parent_id" = $1[0m  [["parent_id", 8]]
  [1m[36mArea Load (0.2ms)[0m  [1m[34mSELECT "areas".* FROM "areas" WHERE "areas"."parent_id" = $1[0m  [["parent_id", 9]]
Completed 200 OK in 22ms (Views: 0.7ms | ActiveRecord: 3.1ms)


Started GET "/v1/index" for 127.0.0.1 at 2018-04-12 18:23:15 -0400
Processing by V1::HomeController#index as JSON
  [1m[36mArea Load (0.5ms)[0m  [1m[34mSELECT  "areas".* FROM "areas" WHERE "areas"."parent_id" IS NULL LIMIT $1[0m  [["LIMIT", 1]]
  [1m[36mArea Load (0.2ms)[0m  [1m[34mSELECT "areas".* FROM "areas" WHERE "areas"."parent_id" = $1[0m  [["parent_id", 1]]
  [1m[36mArea Load (0.2ms)[0m  [1m[34mSELECT "areas".* FROM "areas" WHERE "areas"."parent_id" = $1[0m  [["parent_id", 2]]
  [1m[36mArea Load (0.2ms)[0m  [1m[34mSELECT "areas".* FROM "areas" WHERE "areas"."parent_id" = $1[0m  [["parent_id", 3]]
  [1m[36mArea Load (0.2ms)[0m  [1m[34mSELECT "areas".* FROM "areas" WHERE "areas"."parent_id" = $1[0m  [["parent_id", 4]]
  [1m[36mArea Load (0.2ms)[0m  [1m[34mSELECT "areas".* FROM "areas" WHERE "areas"."parent_id" = $1[0m  [["parent_id", 6]]
  [1m[36mArea Load (0.2ms)[0m  [1m[34mSELECT "areas".* FROM "areas" WHERE "areas"."parent_id" = $1[0m  [["parent_id", 7]]
  [1m[36mArea Load (0.1ms)[0m  [1m[34mSELECT "areas".* FROM "areas" WHERE "areas"."parent_id" = $1[0m  [["parent_id", 5]]
  [1m[36mArea Load (0.1ms)[0m  [1m[34mSELECT "areas".* FROM "areas" WHERE "areas"."parent_id" = $1[0m  [["parent_id", 8]]
  [1m[36mArea Load (0.4ms)[0m  [1m[34mSELECT "areas".* FROM "areas" WHERE "areas"."parent_id" = $1[0m  [["parent_id", 9]]
Completed 200 OK in 10ms (Views: 0.7ms | ActiveRecord: 2.4ms)


Started GET "/v1/index" for 127.0.0.1 at 2018-04-12 18:23:32 -0400
Processing by V1::HomeController#index as JSON
  [1m[36mArea Load (0.5ms)[0m  [1m[34mSELECT  "areas".* FROM "areas" WHERE "areas"."parent_id" IS NULL LIMIT $1[0m  [["LIMIT", 1]]
Completed 500 Internal Server Error in 22ms (ActiveRecord: 4.5ms)


  
NoMethodError (undefined method `includes' for #<Area:0x0000560649817ce8>):
  
app/controllers/v1/home_controller.rb:4:in `index'
Started GET "/v1/index" for 127.0.0.1 at 2018-04-12 18:23:40 -0400
Processing by V1::HomeController#index as JSON
  [1m[36mArea Load (0.2ms)[0m  [1m[34mSELECT  "areas".* FROM "areas" WHERE "areas"."parent_id" IS NULL LIMIT $1[0m  [["LIMIT", 1]]
Completed 500 Internal Server Error in 14ms (ActiveRecord: 0.2ms)


  
NoMethodError (undefined method `include' for #<Area:0x0000560649b7c190>):
  
app/controllers/v1/home_controller.rb:4:in `index'
Started GET "/v1/index" for 127.0.0.1 at 2018-04-12 18:24:34 -0400
Processing by V1::HomeController#index as JSON
  [1m[36mArea Load (0.3ms)[0m  [1m[34mSELECT  "areas".* FROM "areas" WHERE "areas"."parent_id" IS NULL LIMIT $1[0m  [["LIMIT", 1]]
  [1m[36mArea Load (0.3ms)[0m  [1m[34mSELECT "areas".* FROM "areas" WHERE "areas"."parent_id" = 1[0m
  [1m[36mArea Load (0.2ms)[0m  [1m[34mSELECT "areas".* FROM "areas" WHERE "areas"."parent_id" = $1[0m  [["parent_id", 2]]
  [1m[36mArea Load (0.1ms)[0m  [1m[34mSELECT "areas".* FROM "areas" WHERE "areas"."parent_id" = $1[0m  [["parent_id", 3]]
  [1m[36mArea Load (0.1ms)[0m  [1m[34mSELECT "areas".* FROM "areas" WHERE "areas"."parent_id" = $1[0m  [["parent_id", 4]]
  [1m[36mArea Load (0.2ms)[0m  [1m[34mSELECT "areas".* FROM "areas" WHERE "areas"."parent_id" = $1[0m  [["parent_id", 6]]
  [1m[36mArea Load (0.3ms)[0m  [1m[34mSELECT "areas".* FROM "areas" WHERE "areas"."parent_id" = $1[0m  [["parent_id", 7]]
  [1m[36mArea Load (0.2ms)[0m  [1m[34mSELECT "areas".* FROM "areas" WHERE "areas"."parent_id" = $1[0m  [["parent_id", 5]]
  [1m[36mArea Load (0.2ms)[0m  [1m[34mSELECT "areas".* FROM "areas" WHERE "areas"."parent_id" = $1[0m  [["parent_id", 8]]
  [1m[36mArea Load (0.2ms)[0m  [1m[34mSELECT "areas".* FROM "areas" WHERE "areas"."parent_id" = $1[0m  [["parent_id", 9]]
Completed 200 OK in 40ms (Views: 0.8ms | ActiveRecord: 2.1ms)


Started GET "/v1/index" for 127.0.0.1 at 2018-04-12 18:24:55 -0400
Processing by V1::HomeController#index as JSON
  [1m[36mArea Load (0.4ms)[0m  [1m[34mSELECT  "areas".* FROM "areas" WHERE "areas"."parent_id" IS NULL LIMIT $1[0m  [["LIMIT", 1]]
  [1m[36mArea Load (0.3ms)[0m  [1m[34mSELECT "areas".* FROM "areas" WHERE "areas"."parent_id" = 1[0m
  [1m[36mArea Load (0.2ms)[0m  [1m[34mSELECT "areas".* FROM "areas" WHERE "areas"."parent_id" = $1[0m  [["parent_id", 2]]
  [1m[36mArea Load (0.3ms)[0m  [1m[34mSELECT "areas".* FROM "areas" WHERE "areas"."parent_id" = $1[0m  [["parent_id", 3]]
  [1m[36mArea Load (0.2ms)[0m  [1m[34mSELECT "areas".* FROM "areas" WHERE "areas"."parent_id" = $1[0m  [["parent_id", 4]]
  [1m[36mArea Load (0.2ms)[0m  [1m[34mSELECT "areas".* FROM "areas" WHERE "areas"."parent_id" = $1[0m  [["parent_id", 6]]
  [1m[36mArea Load (0.3ms)[0m  [1m[34mSELECT "areas".* FROM "areas" WHERE "areas"."parent_id" = $1[0m  [["parent_id", 7]]
  [1m[36mArea Load (0.3ms)[0m  [1m[34mSELECT "areas".* FROM "areas" WHERE "areas"."parent_id" = $1[0m  [["parent_id", 5]]
  [1m[36mArea Load (0.2ms)[0m  [1m[34mSELECT "areas".* FROM "areas" WHERE "areas"."parent_id" = $1[0m  [["parent_id", 8]]
  [1m[36mArea Load (0.1ms)[0m  [1m[34mSELECT "areas".* FROM "areas" WHERE "areas"."parent_id" = $1[0m  [["parent_id", 9]]
Completed 200 OK in 13ms (Views: 0.9ms | ActiveRecord: 2.5ms)


Started GET "/v1/area" for 127.0.0.1 at 2018-04-12 18:38:19 -0400
  
SyntaxError (/home/dav1nx1/OsaDevelopment/rankmi_technical_interview/answer_3/app/controllers/v1/area_controller.rb:10: syntax error, unexpected end-of-input, expecting keyword_end):
  
app/controllers/v1/area_controller.rb:10: syntax error, unexpected end-of-input, expecting keyword_end
Started GET "/v1/area" for 127.0.0.1 at 2018-04-12 18:38:52 -0400
  [1m[35m (0.4ms)[0m  [1m[34mSELECT "schema_migrations"."version" FROM "schema_migrations" ORDER BY "schema_migrations"."version" ASC[0m
Processing by V1::AreaController#index as JSON
  [1m[36mArea Load (0.3ms)[0m  [1m[34mSELECT  "areas".* FROM "areas" WHERE "areas"."parent_id" IS NULL LIMIT $1[0m  [["LIMIT", 1]]
  [1m[36mArea Load (0.4ms)[0m  [1m[34mSELECT "areas".* FROM "areas" WHERE "areas"."parent_id" = 1[0m
  [1m[36mArea Load (0.3ms)[0m  [1m[34mSELECT "areas".* FROM "areas" WHERE "areas"."parent_id" = $1[0m  [["parent_id", 2]]
  [1m[36mArea Load (0.3ms)[0m  [1m[34mSELECT "areas".* FROM "areas" WHERE "areas"."parent_id" = $1[0m  [["parent_id", 3]]
  [1m[36mArea Load (0.3ms)[0m  [1m[34mSELECT "areas".* FROM "areas" WHERE "areas"."parent_id" = $1[0m  [["parent_id", 4]]
  [1m[36mArea Load (0.2ms)[0m  [1m[34mSELECT "areas".* FROM "areas" WHERE "areas"."parent_id" = $1[0m  [["parent_id", 6]]
  [1m[36mArea Load (0.3ms)[0m  [1m[34mSELECT "areas".* FROM "areas" WHERE "areas"."parent_id" = $1[0m  [["parent_id", 7]]
  [1m[36mArea Load (0.2ms)[0m  [1m[34mSELECT "areas".* FROM "areas" WHERE "areas"."parent_id" = $1[0m  [["parent_id", 5]]
  [1m[36mArea Load (0.2ms)[0m  [1m[34mSELECT "areas".* FROM "areas" WHERE "areas"."parent_id" = $1[0m  [["parent_id", 8]]
  [1m[36mArea Load (0.1ms)[0m  [1m[34mSELECT "areas".* FROM "areas" WHERE "areas"."parent_id" = $1[0m  [["parent_id", 9]]
Completed 200 OK in 30ms (Views: 2.5ms | ActiveRecord: 5.4ms)


Started GET "/v1/index" for 127.0.0.1 at 2018-04-12 18:39:04 -0400
  
ActionController::RoutingError (No route matches [GET] "/v1/index"):
  
actionpack (5.1.6) lib/action_dispatch/middleware/debug_exceptions.rb:63:in `call'
actionpack (5.1.6) lib/action_dispatch/middleware/show_exceptions.rb:31:in `call'
railties (5.1.6) lib/rails/rack/logger.rb:36:in `call_app'
railties (5.1.6) lib/rails/rack/logger.rb:24:in `block in call'
activesupport (5.1.6) lib/active_support/tagged_logging.rb:69:in `block in tagged'
activesupport (5.1.6) lib/active_support/tagged_logging.rb:26:in `tagged'
activesupport (5.1.6) lib/active_support/tagged_logging.rb:69:in `tagged'
railties (5.1.6) lib/rails/rack/logger.rb:24:in `call'
actionpack (5.1.6) lib/action_dispatch/middleware/remote_ip.rb:79:in `call'
actionpack (5.1.6) lib/action_dispatch/middleware/request_id.rb:25:in `call'
rack (2.0.4) lib/rack/runtime.rb:22:in `call'
activesupport (5.1.6) lib/active_support/cache/strategy/local_cache_middleware.rb:27:in `call'
actionpack (5.1.6) lib/action_dispatch/middleware/executor.rb:12:in `call'
actionpack (5.1.6) lib/action_dispatch/middleware/static.rb:125:in `call'
rack (2.0.4) lib/rack/sendfile.rb:111:in `call'
railties (5.1.6) lib/rails/engine.rb:522:in `call'
puma (3.11.3) lib/puma/configuration.rb:225:in `call'
puma (3.11.3) lib/puma/server.rb:624:in `handle_request'
puma (3.11.3) lib/puma/server.rb:438:in `process_client'
puma (3.11.3) lib/puma/server.rb:302:in `block in run'
puma (3.11.3) lib/puma/thread_pool.rb:120:in `block in spawn_thread'
Started GET "/v1/area" for 127.0.0.1 at 2018-04-12 18:39:07 -0400
Processing by V1::AreaController#index as JSON
  [1m[36mArea Load (0.4ms)[0m  [1m[34mSELECT  "areas".* FROM "areas" WHERE "areas"."parent_id" IS NULL LIMIT $1[0m  [["LIMIT", 1]]
  [1m[36mArea Load (0.4ms)[0m  [1m[34mSELECT "areas".* FROM "areas" WHERE "areas"."parent_id" = 1[0m
  [1m[36mArea Load (0.2ms)[0m  [1m[34mSELECT "areas".* FROM "areas" WHERE "areas"."parent_id" = $1[0m  [["parent_id", 2]]
  [1m[36mArea Load (0.2ms)[0m  [1m[34mSELECT "areas".* FROM "areas" WHERE "areas"."parent_id" = $1[0m  [["parent_id", 3]]
  [1m[36mArea Load (0.2ms)[0m  [1m[34mSELECT "areas".* FROM "areas" WHERE "areas"."parent_id" = $1[0m  [["parent_id", 4]]
  [1m[36mArea Load (0.3ms)[0m  [1m[34mSELECT "areas".* FROM "areas" WHERE "areas"."parent_id" = $1[0m  [["parent_id", 6]]
  [1m[36mArea Load (0.2ms)[0m  [1m[34mSELECT "areas".* FROM "areas" WHERE "areas"."parent_id" = $1[0m  [["parent_id", 7]]
  [1m[36mArea Load (0.3ms)[0m  [1m[34mSELECT "areas".* FROM "areas" WHERE "areas"."parent_id" = $1[0m  [["parent_id", 5]]
  [1m[36mArea Load (0.4ms)[0m  [1m[34mSELECT "areas".* FROM "areas" WHERE "areas"."parent_id" = $1[0m  [["parent_id", 8]]
  [1m[36mArea Load (0.3ms)[0m  [1m[34mSELECT "areas".* FROM "areas" WHERE "areas"."parent_id" = $1[0m  [["parent_id", 9]]
Completed 200 OK in 31ms (Views: 1.6ms | ActiveRecord: 7.3ms)


Started POST "/area/create" for 127.0.0.1 at 2018-04-12 19:12:23 -0400
  
ActionController::RoutingError (No route matches [POST] "/area/create"):
  
actionpack (5.1.6) lib/action_dispatch/middleware/debug_exceptions.rb:63:in `call'
actionpack (5.1.6) lib/action_dispatch/middleware/show_exceptions.rb:31:in `call'
railties (5.1.6) lib/rails/rack/logger.rb:36:in `call_app'
railties (5.1.6) lib/rails/rack/logger.rb:24:in `block in call'
activesupport (5.1.6) lib/active_support/tagged_logging.rb:69:in `block in tagged'
activesupport (5.1.6) lib/active_support/tagged_logging.rb:26:in `tagged'
activesupport (5.1.6) lib/active_support/tagged_logging.rb:69:in `tagged'
railties (5.1.6) lib/rails/rack/logger.rb:24:in `call'
actionpack (5.1.6) lib/action_dispatch/middleware/remote_ip.rb:79:in `call'
actionpack (5.1.6) lib/action_dispatch/middleware/request_id.rb:25:in `call'
rack (2.0.4) lib/rack/runtime.rb:22:in `call'
activesupport (5.1.6) lib/active_support/cache/strategy/local_cache_middleware.rb:27:in `call'
actionpack (5.1.6) lib/action_dispatch/middleware/executor.rb:12:in `call'
actionpack (5.1.6) lib/action_dispatch/middleware/static.rb:125:in `call'
rack (2.0.4) lib/rack/sendfile.rb:111:in `call'
railties (5.1.6) lib/rails/engine.rb:522:in `call'
puma (3.11.3) lib/puma/configuration.rb:225:in `call'
puma (3.11.3) lib/puma/server.rb:624:in `handle_request'
puma (3.11.3) lib/puma/server.rb:438:in `process_client'
puma (3.11.3) lib/puma/server.rb:302:in `block in run'
puma (3.11.3) lib/puma/thread_pool.rb:120:in `block in spawn_thread'
Started POST "/v1/area/create" for 127.0.0.1 at 2018-04-12 19:13:16 -0400
Processing by V1::AreaController#create as JSON
Completed 204 No Content in 9158ms (ActiveRecord: 0.0ms)


Started POST "/v1/area/create" for 127.0.0.1 at 2018-04-12 19:14:11 -0400
Processing by V1::AreaController#create as JSON
  Parameters: {"------WebKitFormBoundaryB4u5ZmdGHkIqlACN\r\nContent-Disposition: form-data; name"=>"\"patern_id\"\r\n\r\n3\r\n------WebKitFormBoundaryB4u5ZmdGHkIqlACN\r\nContent-Disposition: form-data; name=\"name\"\r\n\r\nRecursos Humanos\r\n------WebKitFormBoundaryB4u5ZmdGHkIqlACN\r\nContent-Disposition: form-data; name=\"nota\"\r\n\r\n3\r\n------WebKitFormBoundaryB4u5ZmdGHkIqlACN--\r\n"}
Completed 204 No Content in 44429ms (ActiveRecord: 0.0ms)


Started POST "/v1/area/create" for 127.0.0.1 at 2018-04-12 19:14:57 -0400
Processing by V1::AreaController#create as JSON
  Parameters: {"patern_id"=>"5"}
Completed 204 No Content in 20120ms (ActiveRecord: 0.0ms)


Started POST "/v1/area/create" for 127.0.0.1 at 2018-04-12 19:15:19 -0400
Processing by V1::AreaController#create as JSON
  Parameters: {"area"=>{"patern_id"=>"5"}}
Completed 204 No Content in 29954ms (ActiveRecord: 0.0ms)


Started POST "/v1/area/create" for 127.0.0.1 at 2018-04-12 19:15:50 -0400
Processing by V1::AreaController#create as JSON
  Parameters: {"area"=>{"patern_id"=>"5", "name"=>"Recursos Humanos", "nota"=>"3"}}
Completed 204 No Content in 70019ms (ActiveRecord: 0.0ms)


Started POST "/v1/area/create" for 127.0.0.1 at 2018-04-12 19:17:04 -0400
Processing by V1::AreaController#create as JSON
  Parameters: {"area"=>{"patern_id"=>"5", "name"=>"Recursos Humanos", "nota"=>"3"}}
Completed 204 No Content in 126639ms (ActiveRecord: 0.0ms)


Started POST "/v1/area/create" for 127.0.0.1 at 2018-04-12 19:19:14 -0400
Processing by V1::AreaController#create as JSON
  Parameters: {"area"=>{"patern_id"=>"5", "name"=>"Recursos Humanos", "nota"=>"3"}}
Completed 204 No Content in 49275ms (ActiveRecord: 0.0ms)


Started POST "/v1/area/create" for 127.0.0.1 at 2018-04-12 19:20:10 -0400
Processing by V1::AreaController#create as JSON
  Parameters: {"area"=>{"patern_id"=>"5", "name"=>"Recursos Humanos", "nota"=>"3"}}
Completed 204 No Content in 138629ms (ActiveRecord: 0.0ms)


Started POST "/v1/area/create" for 127.0.0.1 at 2018-04-12 19:23:53 -0400
Processing by V1::AreaController#create as JSON
  Parameters: {"area"=>{"patern_id"=>"5", "name"=>"Recursos Humanos", "nota"=>"3"}}
Completed 204 No Content in 36017ms (ActiveRecord: 0.0ms)


Started POST "/v1/area/create" for 127.0.0.1 at 2018-04-12 19:24:52 -0400
Processing by V1::AreaController#create as JSON
  Parameters: {"area"=>{"patern_id"=>"5", "name"=>"Recursos Humanos", "nota"=>"3"}}
Completed 204 No Content in 287405ms (ActiveRecord: 0.0ms)


Started POST "/v1/area/create" for 127.0.0.1 at 2018-04-12 19:29:42 -0400
Processing by V1::AreaController#create as JSON
  Parameters: {"area"=>{"patern_id"=>"5", "name"=>"Recursos Humanos", "nota"=>"3"}}
Completed 204 No Content in 86360ms (ActiveRecord: 0.0ms)


Started POST "/v1/area/create" for 127.0.0.1 at 2018-04-12 19:33:08 -0400
  [1m[35m (0.5ms)[0m  [1m[34mSELECT "schema_migrations"."version" FROM "schema_migrations" ORDER BY "schema_migrations"."version" ASC[0m
Processing by V1::AreaController#create as JSON
  Parameters: {"area"=>{"patern_id"=>"5", "name"=>"Recursos Humanos", "nota"=>"3"}}
Completed 204 No Content in 69142ms (ActiveRecord: 0.0ms)


Started POST "/v1/area/create" for 127.0.0.1 at 2018-04-12 19:34:21 -0400
Processing by V1::AreaController#create as JSON
  Parameters: {"area"=>{"patern_id"=>"5", "name"=>"Recursos Humanos", "nota"=>"3"}}
Completed 204 No Content in 13ms (ActiveRecord: 0.0ms)


Started POST "/v1/area/create" for 127.0.0.1 at 2018-04-12 19:35:08 -0400
  [1m[35m (0.3ms)[0m  [1m[34mSELECT "schema_migrations"."version" FROM "schema_migrations" ORDER BY "schema_migrations"."version" ASC[0m
Processing by V1::AreaController#create as JSON
  Parameters: {"area"=>{"patern_id"=>"5", "name"=>"Recursos Humanos", "nota"=>"3"}}
Completed 204 No Content in 506664ms (ActiveRecord: 0.0ms)


